Detecting compiler hash for triplet arm64-osx...
The following packages will be built and installed:
    assimp[core]:arm64-osx -> 5.2.4
  * draco[core]:arm64-osx -> 1.5.2
  * egl-registry[core]:arm64-osx -> 2021-11-23
    glad[core,loader]:arm64-osx -> 0.1.34#3
    glfw3[core]:arm64-osx -> 3.3.7
    glm[core]:arm64-osx -> 0.9.9.8#1
    imgui[core,docking-experimental]:arm64-osx -> 1.88#1
  * kubazip[core]:arm64-osx -> 0.1.19#1
  * minizip[core]:arm64-osx -> 1.2.11#11
    opengl[core]:arm64-osx -> 2022-03-14
  * opengl-registry[core]:arm64-osx -> 2021-11-17
  * poly2tri[core]:arm64-osx -> 2020-07-21#2
  * pugixml[core]:arm64-osx -> 1.12.1#1
  * rapidjson[core]:arm64-osx -> 2022-06-28#2
  * stb[core]:arm64-osx -> 2021-09-10
  * utfcpp[core]:arm64-osx -> 3.2.1
  * vcpkg-cmake[core]:arm64-osx -> 2022-07-18
  * vcpkg-cmake-config[core]:arm64-osx -> 2022-02-06#1
  * zlib[core]:arm64-osx -> 1.2.12#1
Additional packages (*) will be modified to complete this operation.
Restored 19 package(s) from /Users/cursedrock17/.cache/vcpkg/archives in 1.37 s. Use --debug to see more details.
Installing 1/19 vcpkg-cmake:arm64-osx...
Elapsed time to handle vcpkg-cmake:arm64-osx: 2.414 ms
Installing 2/19 zlib:arm64-osx...
Elapsed time to handle zlib:arm64-osx: 3.888 ms
Installing 3/19 vcpkg-cmake-config:arm64-osx...
Elapsed time to handle vcpkg-cmake-config:arm64-osx: 1.445 ms
Installing 4/19 utfcpp:arm64-osx...
Elapsed time to handle utfcpp:arm64-osx: 2.321 ms
Installing 5/19 stb:arm64-osx...
Elapsed time to handle stb:arm64-osx: 6.249 ms
Installing 6/19 rapidjson:arm64-osx...
Elapsed time to handle rapidjson:arm64-osx: 11.62 ms
Installing 7/19 pugixml:arm64-osx...
Elapsed time to handle pugixml:arm64-osx: 5.79 ms
Installing 8/19 poly2tri:arm64-osx...
Elapsed time to handle poly2tri:arm64-osx: 4.363 ms
Installing 9/19 minizip:arm64-osx...
Elapsed time to handle minizip:arm64-osx: 5.113 ms
Installing 10/19 kubazip:arm64-osx...
Elapsed time to handle kubazip:arm64-osx: 4.788 ms
Installing 11/19 draco:arm64-osx...
Elapsed time to handle draco:arm64-osx: 80.15 ms
Installing 12/19 assimp:arm64-osx...
Elapsed time to handle assimp:arm64-osx: 170.4 ms
Installing 13/19 egl-registry:arm64-osx...
Elapsed time to handle egl-registry:arm64-osx: 12.42 ms
Installing 14/19 opengl-registry:arm64-osx...
Elapsed time to handle opengl-registry:arm64-osx: 38.77 ms
Installing 15/19 glad:arm64-osx...
Elapsed time to handle glad:arm64-osx: 15.67 ms
Installing 16/19 glfw3:arm64-osx...
Elapsed time to handle glfw3:arm64-osx: 18.06 ms
Installing 17/19 glm:arm64-osx...
Elapsed time to handle glm:arm64-osx: 105.1 ms
Installing 18/19 imgui:arm64-osx...
Elapsed time to handle imgui:arm64-osx: 16.12 ms
Installing 19/19 opengl:arm64-osx...
Elapsed time to handle opengl:arm64-osx: 1.74 ms

Total elapsed time: 4.044 s

assimp provides CMake targets:
    # this is heuristically generated, and may not be correct
    find_package(assimp CONFIG REQUIRED)
    target_link_libraries(main PRIVATE assimp::assimp)

glad provides CMake targets:
    # this is heuristically generated, and may not be correct
    find_package(glad CONFIG REQUIRED)
    target_link_libraries(main PRIVATE glad::glad)

glfw3 provides CMake targets:
    # this is heuristically generated, and may not be correct
    find_package(glfw3 CONFIG REQUIRED)
    target_link_libraries(main PRIVATE glfw)

glm provides CMake targets:
    # this is heuristically generated, and may not be correct
    find_package(glm CONFIG REQUIRED)
    target_link_libraries(main PRIVATE glm::glm)

imgui provides CMake targets:
    # this is heuristically generated, and may not be correct
    find_package(imgui CONFIG REQUIRED)
    target_link_libraries(main PRIVATE imgui::imgui)

